{
  "RSpec": {
    "coverage": {
      "/Users/XWINGFIGHTER/Documents/Code/How_iRoll/lib/environment.rb": [
        1,
        1,
        1,
        null,
        1,
        4,
        null,
        1,
        1,
        null,
        null,
        1,
        1,
        1,
        1,
        null,
        null,
        1,
        1,
        1,
        null,
        null,
        1,
        0,
        null,
        null
      ],
      "/Users/XWINGFIGHTER/Documents/Code/How_iRoll/models/location.rb": [
        1,
        null,
        1,
        1,
        1,
        null,
        1,
        null
      ],
      "/Users/XWINGFIGHTER/Documents/Code/How_iRoll/models/log.rb": [
        1,
        null,
        1,
        1,
        null,
        null,
        1,
        null,
        null,
        null,
        null,
        null,
        null,
        null,
        null,
        null,
        null,
        null,
        null
      ],
      "/Users/XWINGFIGHTER/Documents/Code/How_iRoll/models/person.rb": [
        1,
        null,
        1,
        1,
        1,
        null,
        1,
        null,
        null
      ]
    },
    "timestamp": 1400004877
  }
}
